  pch.cpp
  DoAnDHMT.cpp
D:\Đồ họa máy tính\DoAnDHMT1\DoAnDHMT\DoAnDHMT\FormViewBar.h(98,15): error C2143: syntax error: missing ';' before '*'
D:\Đồ họa máy tính\DoAnDHMT1\DoAnDHMT\DoAnDHMT\FormViewBar.h(98,15): error C4430: missing type specifier - int assumed. Note: C++ does not support default-int
D:\Đồ họa máy tính\DoAnDHMT1\DoAnDHMT\DoAnDHMT\FormViewBar.h(98,29): error C2238: unexpected token(s) preceding ';'
D:\Đồ họa máy tính\DoAnDHMT1\DoAnDHMT\DoAnDHMT\DoAnDHMT.cpp(115,17): warning C4566: character represented by universal-character-name '\u0110' cannot be represented in the current code page (1252)
D:\Đồ họa máy tính\DoAnDHMT1\DoAnDHMT\DoAnDHMT\DoAnDHMT.cpp(115,17): warning C4566: character represented by universal-character-name '\u1ED3' cannot be represented in the current code page (1252)
D:\Đồ họa máy tính\DoAnDHMT1\DoAnDHMT\DoAnDHMT\DoAnDHMT.cpp(115,17): warning C4566: character represented by universal-character-name '\u1ECD' cannot be represented in the current code page (1252)
D:\Đồ họa máy tính\DoAnDHMT1\DoAnDHMT\DoAnDHMT\DoAnDHMT.cpp(199,2): warning C4566: character represented by universal-character-name '\u0110' cannot be represented in the current code page (1252)
D:\Đồ họa máy tính\DoAnDHMT1\DoAnDHMT\DoAnDHMT\DoAnDHMT.cpp(199,2): warning C4566: character represented by universal-character-name '\u1ED3' cannot be represented in the current code page (1252)
D:\Đồ họa máy tính\DoAnDHMT1\DoAnDHMT\DoAnDHMT\DoAnDHMT.cpp(199,2): warning C4566: character represented by universal-character-name '\u1ECD' cannot be represented in the current code page (1252)
  DoAnDHMTDoc.cpp
D:\Đồ họa máy tính\DoAnDHMT1\DoAnDHMT\DoAnDHMT\DoAnDHMTDoc.cpp(23,1): warning C4566: character represented by universal-character-name '\u0110' cannot be represented in the current code page (1252)
D:\Đồ họa máy tính\DoAnDHMT1\DoAnDHMT\DoAnDHMT\DoAnDHMTDoc.cpp(23,1): warning C4566: character represented by universal-character-name '\u1ED3' cannot be represented in the current code page (1252)
D:\Đồ họa máy tính\DoAnDHMT1\DoAnDHMT\DoAnDHMT\DoAnDHMTDoc.cpp(23,1): warning C4566: character represented by universal-character-name '\u1ECD' cannot be represented in the current code page (1252)
D:\Đồ họa máy tính\DoAnDHMT1\DoAnDHMT\DoAnDHMT\DoAnDHMTDoc.cpp(72,21): warning C4566: character represented by universal-character-name '\u0110' cannot be represented in the current code page (1252)
D:\Đồ họa máy tính\DoAnDHMT1\DoAnDHMT\DoAnDHMT\DoAnDHMTDoc.cpp(72,21): warning C4566: character represented by universal-character-name '\u1ED3' cannot be represented in the current code page (1252)
D:\Đồ họa máy tính\DoAnDHMT1\DoAnDHMT\DoAnDHMT\DoAnDHMTDoc.cpp(72,21): warning C4566: character represented by universal-character-name '\u1ECD' cannot be represented in the current code page (1252)
  DoAnDHMTView.cpp
D:\Đồ họa máy tính\DoAnDHMT1\DoAnDHMT\DoAnDHMT\MainFrm.h(17,15): error C2143: syntax error: missing ';' before '*'
D:\Đồ họa máy tính\DoAnDHMT1\DoAnDHMT\DoAnDHMT\MainFrm.h(17,15): error C4430: missing type specifier - int assumed. Note: C++ does not support default-int
D:\Đồ họa máy tính\DoAnDHMT1\DoAnDHMT\DoAnDHMT\MainFrm.h(17,26): error C2238: unexpected token(s) preceding ';'
D:\Đồ họa máy tính\DoAnDHMT1\DoAnDHMT\DoAnDHMT\MainFrm.h(20,15): error C2143: syntax error: missing ';' before '*'
D:\Đồ họa máy tính\DoAnDHMT1\DoAnDHMT\DoAnDHMT\MainFrm.h(20,15): error C4430: missing type specifier - int assumed. Note: C++ does not support default-int
D:\Đồ họa máy tính\DoAnDHMT1\DoAnDHMT\DoAnDHMT\MainFrm.h(21,2): error C2334: unexpected token(s) preceding '{'; skipping apparent function body
D:\Đồ họa máy tính\DoAnDHMT1\DoAnDHMT\DoAnDHMT\FormViewBar.h(98,15): error C2143: syntax error: missing ';' before '*'
D:\Đồ họa máy tính\DoAnDHMT1\DoAnDHMT\DoAnDHMT\FormViewBar.h(98,15): error C4430: missing type specifier - int assumed. Note: C++ does not support default-int
D:\Đồ họa máy tính\DoAnDHMT1\DoAnDHMT\DoAnDHMT\FormViewBar.h(98,29): error C2238: unexpected token(s) preceding ';'
D:\Đồ họa máy tính\DoAnDHMT1\DoAnDHMT\DoAnDHMT\DoAnDHMTView.cpp(23,1): warning C4566: character represented by universal-character-name '\u0110' cannot be represented in the current code page (1252)
D:\Đồ họa máy tính\DoAnDHMT1\DoAnDHMT\DoAnDHMT\DoAnDHMTView.cpp(23,1): warning C4566: character represented by universal-character-name '\u1ED3' cannot be represented in the current code page (1252)
D:\Đồ họa máy tính\DoAnDHMT1\DoAnDHMT\DoAnDHMT\DoAnDHMTView.cpp(23,1): warning C4566: character represented by universal-character-name '\u1ECD' cannot be represented in the current code page (1252)
D:\Đồ họa máy tính\DoAnDHMT1\DoAnDHMT\DoAnDHMT\DoAnDHMTView.cpp(450,24): warning C4838: conversion from 'double' to 'GLfloat' requires a narrowing conversion
D:\Đồ họa máy tính\DoAnDHMT1\DoAnDHMT\DoAnDHMT\DoAnDHMTView.cpp(450,38): warning C4838: conversion from 'double' to 'GLfloat' requires a narrowing conversion
D:\Đồ họa máy tính\DoAnDHMT1\DoAnDHMT\DoAnDHMT\DoAnDHMTView.cpp(450,54): warning C4838: conversion from 'double' to 'GLfloat' requires a narrowing conversion
D:\Đồ họa máy tính\DoAnDHMT1\DoAnDHMT\DoAnDHMT\DoAnDHMTView.cpp(453,25): warning C4838: conversion from 'double' to 'GLfloat' requires a narrowing conversion
D:\Đồ họa máy tính\DoAnDHMT1\DoAnDHMT\DoAnDHMT\DoAnDHMTView.cpp(453,39): warning C4838: conversion from 'double' to 'GLfloat' requires a narrowing conversion
D:\Đồ họa máy tính\DoAnDHMT1\DoAnDHMT\DoAnDHMT\DoAnDHMTView.cpp(453,55): warning C4838: conversion from 'double' to 'GLfloat' requires a narrowing conversion
D:\Đồ họa máy tính\DoAnDHMT1\DoAnDHMT\DoAnDHMT\DoAnDHMTView.cpp(456,25): warning C4838: conversion from 'double' to 'GLfloat' requires a narrowing conversion
D:\Đồ họa máy tính\DoAnDHMT1\DoAnDHMT\DoAnDHMT\DoAnDHMTView.cpp(456,40): warning C4838: conversion from 'double' to 'GLfloat' requires a narrowing conversion
D:\Đồ họa máy tính\DoAnDHMT1\DoAnDHMT\DoAnDHMT\DoAnDHMTView.cpp(456,57): warning C4838: conversion from 'double' to 'GLfloat' requires a narrowing conversion
D:\Đồ họa máy tính\DoAnDHMT1\DoAnDHMT\DoAnDHMT\DoAnDHMTView.cpp(467,13): warning C4566: character represented by universal-character-name '\u0110' cannot be represented in the current code page (1252)
D:\Đồ họa máy tính\DoAnDHMT1\DoAnDHMT\DoAnDHMT\DoAnDHMTView.cpp(467,13): warning C4566: character represented by universal-character-name '\u1ED3' cannot be represented in the current code page (1252)
D:\Đồ họa máy tính\DoAnDHMT1\DoAnDHMT\DoAnDHMT\DoAnDHMTView.cpp(467,13): warning C4566: character represented by universal-character-name '\u1ECD' cannot be represented in the current code page (1252)
D:\Đồ họa máy tính\DoAnDHMT1\DoAnDHMT\DoAnDHMT\DoAnDHMTView.cpp(755,2): warning C4566: character represented by universal-character-name '\u0110' cannot be represented in the current code page (1252)
D:\Đồ họa máy tính\DoAnDHMT1\DoAnDHMT\DoAnDHMT\DoAnDHMTView.cpp(755,2): warning C4566: character represented by universal-character-name '\u1ED3' cannot be represented in the current code page (1252)
D:\Đồ họa máy tính\DoAnDHMT1\DoAnDHMT\DoAnDHMT\DoAnDHMTView.cpp(755,2): warning C4566: character represented by universal-character-name '\u1ECD' cannot be represented in the current code page (1252)
D:\Đồ họa máy tính\DoAnDHMT1\DoAnDHMT\DoAnDHMT\DoAnDHMTView.cpp(887,2): warning C4566: character represented by universal-character-name '\u0110' cannot be represented in the current code page (1252)
D:\Đồ họa máy tính\DoAnDHMT1\DoAnDHMT\DoAnDHMT\DoAnDHMTView.cpp(887,2): warning C4566: character represented by universal-character-name '\u1ED3' cannot be represented in the current code page (1252)
D:\Đồ họa máy tính\DoAnDHMT1\DoAnDHMT\DoAnDHMT\DoAnDHMTView.cpp(887,2): warning C4566: character represented by universal-character-name '\u1ECD' cannot be represented in the current code page (1252)
  FormViewBar.cpp
  MainFrm.cpp
D:\Đồ họa máy tính\DoAnDHMT1\DoAnDHMT\DoAnDHMT\FormViewBar.h(98,15): error C2143: syntax error: missing ';' before '*'
D:\Đồ họa máy tính\DoAnDHMT1\DoAnDHMT\DoAnDHMT\FormViewBar.h(98,15): error C4430: missing type specifier - int assumed. Note: C++ does not support default-int
D:\Đồ họa máy tính\DoAnDHMT1\DoAnDHMT\DoAnDHMT\FormViewBar.h(98,29): error C2238: unexpected token(s) preceding ';'
D:\Đồ họa máy tính\DoAnDHMT1\DoAnDHMT\DoAnDHMT\MainFrm.cpp(19,1): warning C4566: character represented by universal-character-name '\u0110' cannot be represented in the current code page (1252)
D:\Đồ họa máy tính\DoAnDHMT1\DoAnDHMT\DoAnDHMT\MainFrm.cpp(19,1): warning C4566: character represented by universal-character-name '\u1ED3' cannot be represented in the current code page (1252)
D:\Đồ họa máy tính\DoAnDHMT1\DoAnDHMT\DoAnDHMT\MainFrm.cpp(19,1): warning C4566: character represented by universal-character-name '\u1ECD' cannot be represented in the current code page (1252)
D:\Đồ họa máy tính\DoAnDHMT1\DoAnDHMT\DoAnDHMT\MainFrm.cpp(61,3): warning C4566: character represented by universal-character-name '\u0110' cannot be represented in the current code page (1252)
D:\Đồ họa máy tính\DoAnDHMT1\DoAnDHMT\DoAnDHMT\MainFrm.cpp(61,3): warning C4566: character represented by universal-character-name '\u1ED3' cannot be represented in the current code page (1252)
D:\Đồ họa máy tính\DoAnDHMT1\DoAnDHMT\DoAnDHMT\MainFrm.cpp(61,3): warning C4566: character represented by universal-character-name '\u1ECD' cannot be represented in the current code page (1252)
D:\Đồ họa máy tính\DoAnDHMT1\DoAnDHMT\DoAnDHMT\MainFrm.cpp(73,3): warning C4566: character represented by universal-character-name '\u0110' cannot be represented in the current code page (1252)
D:\Đồ họa máy tính\DoAnDHMT1\DoAnDHMT\DoAnDHMT\MainFrm.cpp(73,3): warning C4566: character represented by universal-character-name '\u1ED3' cannot be represented in the current code page (1252)
D:\Đồ họa máy tính\DoAnDHMT1\DoAnDHMT\DoAnDHMT\MainFrm.cpp(73,3): warning C4566: character represented by universal-character-name '\u1ECD' cannot be represented in the current code page (1252)
D:\Đồ họa máy tính\DoAnDHMT1\DoAnDHMT\DoAnDHMT\MainFrm.cpp(79,2): warning C4566: character represented by universal-character-name '\u0110' cannot be represented in the current code page (1252)
D:\Đồ họa máy tính\DoAnDHMT1\DoAnDHMT\DoAnDHMT\MainFrm.cpp(79,2): warning C4566: character represented by universal-character-name '\u1ED3' cannot be represented in the current code page (1252)
D:\Đồ họa máy tính\DoAnDHMT1\DoAnDHMT\DoAnDHMT\MainFrm.cpp(79,2): warning C4566: character represented by universal-character-name '\u1ECD' cannot be represented in the current code page (1252)
D:\Đồ họa máy tính\DoAnDHMT1\DoAnDHMT\DoAnDHMT\MainFrm.cpp(84,2): warning C4566: character represented by universal-character-name '\u0110' cannot be represented in the current code page (1252)
D:\Đồ họa máy tính\DoAnDHMT1\DoAnDHMT\DoAnDHMT\MainFrm.cpp(84,2): warning C4566: character represented by universal-character-name '\u1ED3' cannot be represented in the current code page (1252)
D:\Đồ họa máy tính\DoAnDHMT1\DoAnDHMT\DoAnDHMT\MainFrm.cpp(84,2): warning C4566: character represented by universal-character-name '\u1ECD' cannot be represented in the current code page (1252)
D:\Đồ họa máy tính\DoAnDHMT1\DoAnDHMT\DoAnDHMT\MainFrm.cpp(92,3): warning C4566: character represented by universal-character-name '\u0110' cannot be represented in the current code page (1252)
D:\Đồ họa máy tính\DoAnDHMT1\DoAnDHMT\DoAnDHMT\MainFrm.cpp(92,3): warning C4566: character represented by universal-character-name '\u1ED3' cannot be represented in the current code page (1252)
D:\Đồ họa máy tính\DoAnDHMT1\DoAnDHMT\DoAnDHMT\MainFrm.cpp(92,3): warning C4566: character represented by universal-character-name '\u1ECD' cannot be represented in the current code page (1252)
D:\Đồ họa máy tính\DoAnDHMT1\DoAnDHMT\DoAnDHMT\MainFrm.cpp(175,42): warning C4566: character represented by universal-character-name '\u0110' cannot be represented in the current code page (1252)
D:\Đồ họa máy tính\DoAnDHMT1\DoAnDHMT\DoAnDHMT\MainFrm.cpp(175,42): warning C4566: character represented by universal-character-name '\u1ED3' cannot be represented in the current code page (1252)
D:\Đồ họa máy tính\DoAnDHMT1\DoAnDHMT\DoAnDHMT\MainFrm.cpp(175,42): warning C4566: character represented by universal-character-name '\u1ECD' cannot be represented in the current code page (1252)
D:\Đồ họa máy tính\DoAnDHMT1\DoAnDHMT\DoAnDHMT\MainFrm.cpp(189,2): warning C4566: character represented by universal-character-name '\u0110' cannot be represented in the current code page (1252)
D:\Đồ họa máy tính\DoAnDHMT1\DoAnDHMT\DoAnDHMT\MainFrm.cpp(189,2): warning C4566: character represented by universal-character-name '\u1ED3' cannot be represented in the current code page (1252)
D:\Đồ họa máy tính\DoAnDHMT1\DoAnDHMT\DoAnDHMT\MainFrm.cpp(189,2): warning C4566: character represented by universal-character-name '\u1ECD' cannot be represented in the current code page (1252)
D:\Đồ họa máy tính\DoAnDHMT1\DoAnDHMT\DoAnDHMT\MainFrm.cpp(194,2): warning C4566: character represented by universal-character-name '\u0110' cannot be represented in the current code page (1252)
D:\Đồ họa máy tính\DoAnDHMT1\DoAnDHMT\DoAnDHMT\MainFrm.cpp(194,2): warning C4566: character represented by universal-character-name '\u1ED3' cannot be represented in the current code page (1252)
D:\Đồ họa máy tính\DoAnDHMT1\DoAnDHMT\DoAnDHMT\MainFrm.cpp(194,2): warning C4566: character represented by universal-character-name '\u1ECD' cannot be represented in the current code page (1252)
D:\Đồ họa máy tính\DoAnDHMT1\DoAnDHMT\DoAnDHMT\MainFrm.cpp(214,2): warning C4566: character represented by universal-character-name '\u0110' cannot be represented in the current code page (1252)
D:\Đồ họa máy tính\DoAnDHMT1\DoAnDHMT\DoAnDHMT\MainFrm.cpp(214,2): warning C4566: character represented by universal-character-name '\u1ED3' cannot be represented in the current code page (1252)
D:\Đồ họa máy tính\DoAnDHMT1\DoAnDHMT\DoAnDHMT\MainFrm.cpp(214,2): warning C4566: character represented by universal-character-name '\u1ECD' cannot be represented in the current code page (1252)
D:\Đồ họa máy tính\DoAnDHMT1\DoAnDHMT\DoAnDHMT\MainFrm.cpp(233,3): warning C4566: character represented by universal-character-name '\u0110' cannot be represented in the current code page (1252)
D:\Đồ họa máy tính\DoAnDHMT1\DoAnDHMT\DoAnDHMT\MainFrm.cpp(233,3): warning C4566: character represented by universal-character-name '\u1ED3' cannot be represented in the current code page (1252)
D:\Đồ họa máy tính\DoAnDHMT1\DoAnDHMT\DoAnDHMT\MainFrm.cpp(233,3): warning C4566: character represented by universal-character-name '\u1ECD' cannot be represented in the current code page (1252)
D:\Đồ họa máy tính\DoAnDHMT1\DoAnDHMT\DoAnDHMT\MainFrm.cpp(240,3): warning C4566: character represented by universal-character-name '\u0110' cannot be represented in the current code page (1252)
D:\Đồ họa máy tính\DoAnDHMT1\DoAnDHMT\DoAnDHMT\MainFrm.cpp(240,3): warning C4566: character represented by universal-character-name '\u1ED3' cannot be represented in the current code page (1252)
D:\Đồ họa máy tính\DoAnDHMT1\DoAnDHMT\DoAnDHMT\MainFrm.cpp(240,3): warning C4566: character represented by universal-character-name '\u1ECD' cannot be represented in the current code page (1252)
D:\Đồ họa máy tính\DoAnDHMT1\DoAnDHMT\DoAnDHMT\MainFrm.cpp(246,3): warning C4566: character represented by universal-character-name '\u0110' cannot be represented in the current code page (1252)
D:\Đồ họa máy tính\DoAnDHMT1\DoAnDHMT\DoAnDHMT\MainFrm.cpp(246,3): warning C4566: character represented by universal-character-name '\u1ED3' cannot be represented in the current code page (1252)
D:\Đồ họa máy tính\DoAnDHMT1\DoAnDHMT\DoAnDHMT\MainFrm.cpp(246,3): warning C4566: character represented by universal-character-name '\u1ECD' cannot be represented in the current code page (1252)
  Generating Code...
