  DoAnDHMTView.cpp
D:\Đồ họa máy tính\DoAnDHMT\17520934-17520942-17521201_DACK\DoAnDHMT\DoAnDHMTView.cpp(23,1): warning C4566: character represented by universal-character-name '\u0110' cannot be represented in the current code page (1252)
D:\Đồ họa máy tính\DoAnDHMT\17520934-17520942-17521201_DACK\DoAnDHMT\DoAnDHMTView.cpp(23,1): warning C4566: character represented by universal-character-name '\u1ED3' cannot be represented in the current code page (1252)
D:\Đồ họa máy tính\DoAnDHMT\17520934-17520942-17521201_DACK\DoAnDHMT\DoAnDHMTView.cpp(23,1): warning C4566: character represented by universal-character-name '\u1ECD' cannot be represented in the current code page (1252)
D:\Đồ họa máy tính\DoAnDHMT\17520934-17520942-17521201_DACK\DoAnDHMT\DoAnDHMTView.cpp(452,24): warning C4838: conversion from 'double' to 'GLfloat' requires a narrowing conversion
D:\Đồ họa máy tính\DoAnDHMT\17520934-17520942-17521201_DACK\DoAnDHMT\DoAnDHMTView.cpp(452,38): warning C4838: conversion from 'double' to 'GLfloat' requires a narrowing conversion
D:\Đồ họa máy tính\DoAnDHMT\17520934-17520942-17521201_DACK\DoAnDHMT\DoAnDHMTView.cpp(452,54): warning C4838: conversion from 'double' to 'GLfloat' requires a narrowing conversion
D:\Đồ họa máy tính\DoAnDHMT\17520934-17520942-17521201_DACK\DoAnDHMT\DoAnDHMTView.cpp(455,25): warning C4838: conversion from 'double' to 'GLfloat' requires a narrowing conversion
D:\Đồ họa máy tính\DoAnDHMT\17520934-17520942-17521201_DACK\DoAnDHMT\DoAnDHMTView.cpp(455,39): warning C4838: conversion from 'double' to 'GLfloat' requires a narrowing conversion
D:\Đồ họa máy tính\DoAnDHMT\17520934-17520942-17521201_DACK\DoAnDHMT\DoAnDHMTView.cpp(455,55): warning C4838: conversion from 'double' to 'GLfloat' requires a narrowing conversion
D:\Đồ họa máy tính\DoAnDHMT\17520934-17520942-17521201_DACK\DoAnDHMT\DoAnDHMTView.cpp(458,25): warning C4838: conversion from 'double' to 'GLfloat' requires a narrowing conversion
D:\Đồ họa máy tính\DoAnDHMT\17520934-17520942-17521201_DACK\DoAnDHMT\DoAnDHMTView.cpp(458,40): warning C4838: conversion from 'double' to 'GLfloat' requires a narrowing conversion
D:\Đồ họa máy tính\DoAnDHMT\17520934-17520942-17521201_DACK\DoAnDHMT\DoAnDHMTView.cpp(458,57): warning C4838: conversion from 'double' to 'GLfloat' requires a narrowing conversion
D:\Đồ họa máy tính\DoAnDHMT\17520934-17520942-17521201_DACK\DoAnDHMT\DoAnDHMTView.cpp(469,13): warning C4566: character represented by universal-character-name '\u0110' cannot be represented in the current code page (1252)
D:\Đồ họa máy tính\DoAnDHMT\17520934-17520942-17521201_DACK\DoAnDHMT\DoAnDHMTView.cpp(469,13): warning C4566: character represented by universal-character-name '\u1ED3' cannot be represented in the current code page (1252)
D:\Đồ họa máy tính\DoAnDHMT\17520934-17520942-17521201_DACK\DoAnDHMT\DoAnDHMTView.cpp(469,13): warning C4566: character represented by universal-character-name '\u1ECD' cannot be represented in the current code page (1252)
D:\Đồ họa máy tính\DoAnDHMT\17520934-17520942-17521201_DACK\DoAnDHMT\DoAnDHMTView.cpp(759,2): warning C4566: character represented by universal-character-name '\u0110' cannot be represented in the current code page (1252)
D:\Đồ họa máy tính\DoAnDHMT\17520934-17520942-17521201_DACK\DoAnDHMT\DoAnDHMTView.cpp(759,2): warning C4566: character represented by universal-character-name '\u1ED3' cannot be represented in the current code page (1252)
D:\Đồ họa máy tính\DoAnDHMT\17520934-17520942-17521201_DACK\DoAnDHMT\DoAnDHMTView.cpp(759,2): warning C4566: character represented by universal-character-name '\u1ECD' cannot be represented in the current code page (1252)
D:\Đồ họa máy tính\DoAnDHMT\17520934-17520942-17521201_DACK\DoAnDHMT\DoAnDHMTView.cpp(891,2): warning C4566: character represented by universal-character-name '\u0110' cannot be represented in the current code page (1252)
D:\Đồ họa máy tính\DoAnDHMT\17520934-17520942-17521201_DACK\DoAnDHMT\DoAnDHMTView.cpp(891,2): warning C4566: character represented by universal-character-name '\u1ED3' cannot be represented in the current code page (1252)
D:\Đồ họa máy tính\DoAnDHMT\17520934-17520942-17521201_DACK\DoAnDHMT\DoAnDHMTView.cpp(891,2): warning C4566: character represented by universal-character-name '\u1ECD' cannot be represented in the current code page (1252)
  FormViewBar.cpp
  Generating Code...
  DoAnDHMT.vcxproj -> D:\Đồ họa máy tính\DoAnDHMT\17520934-17520942-17521201_DACK\Debug\DoAnDHMT.exe
